<?xml version="1.0" encoding="UTF-8"?>
<testng-results skipped="0" failed="0" ignored="0" total="3" passed="3">
  <reporter-output>
  </reporter-output>
  <suite name="Suite" duration-ms="78" started-at="2018-06-22T10:21:57Z" finished-at="2018-06-22T10:21:57Z">
    <groups>
      <group name="bird">
        <method signature="NewTest.h()[pri:0, instance:testnggroupis.NewTest@d56d67]" name="h" class="testnggroupis.NewTest"/>
      </group> <!-- bird -->
      <group name="human">
        <method signature="NewTest.f()[pri:0, instance:testnggroupis.NewTest@d56d67]" name="f" class="testnggroupis.NewTest"/>
        <method signature="NewTest.g()[pri:0, instance:testnggroupis.NewTest@d56d67]" name="g" class="testnggroupis.NewTest"/>
      </group> <!-- human -->
    </groups>
    <test name="Test" duration-ms="78" started-at="2018-06-22T10:21:57Z" finished-at="2018-06-22T10:21:57Z">
      <class name="testnggroupis.NewTest">
        <test-method status="PASS" signature="f()[pri:0, instance:testnggroupis.NewTest@d56d67]" name="f" duration-ms="16" started-at="2018-06-22T10:21:57Z" finished-at="2018-06-22T10:21:57Z">
          <reporter-output>
          </reporter-output>
        </test-method> <!-- f -->
        <test-method status="PASS" signature="g()[pri:0, instance:testnggroupis.NewTest@d56d67]" name="g" duration-ms="15" started-at="2018-06-22T10:21:57Z" finished-at="2018-06-22T10:21:57Z">
          <reporter-output>
          </reporter-output>
        </test-method> <!-- g -->
        <test-method status="PASS" signature="h()[pri:0, instance:testnggroupis.NewTest@d56d67]" name="h" duration-ms="0" started-at="2018-06-22T10:21:57Z" finished-at="2018-06-22T10:21:57Z">
          <reporter-output>
          </reporter-output>
        </test-method> <!-- h -->
      </class> <!-- testnggroupis.NewTest -->
    </test> <!-- Test -->
  </suite> <!-- Suite -->
</testng-results>
