<?xml version="1.0" encoding="UTF-8"?>
<testng-results skipped="0" failed="0" ignored="0" total="1" passed="1">
  <reporter-output>
  </reporter-output>
  <suite name="Default suite" duration-ms="22722" started-at="2018-06-27T10:32:55Z" finished-at="2018-06-27T10:33:17Z">
    <groups>
    </groups>
    <test name="Default test" duration-ms="22722" started-at="2018-06-27T10:32:55Z" finished-at="2018-06-27T10:33:17Z">
      <class name="Settings.Patient_importTest">
        <test-method status="PASS" signature="browser()[pri:0, instance:Settings.Patient_importTest@33cc44]" name="browser" is-config="true" duration-ms="18645" started-at="2018-06-27T10:32:55Z" finished-at="2018-06-27T10:33:13Z">
          <reporter-output>
          </reporter-output>
        </test-method> <!-- browser -->
        <test-method status="PASS" signature="patient_import()[pri:0, instance:Settings.Patient_importTest@33cc44]" name="patient_import" duration-ms="4039" started-at="2018-06-27T10:33:13Z" finished-at="2018-06-27T10:33:17Z">
          <reporter-output>
          </reporter-output>
        </test-method> <!-- patient_import -->
      </class> <!-- Settings.Patient_importTest -->
    </test> <!-- Default test -->
  </suite> <!-- Default suite -->
</testng-results>
